Arguments: 
  C:\Program Files\nodejs\node.exe C:\Program Files (x86)\Yarn\bin\yarn.js formar .\Day05\*.js

PATH: 
  C:\Windows\system32;C:\Windows;C:\Windows\System32\Wbem;C:\Windows\System32\WindowsPowerShell\v1.0\;C:\Program Files\nodejs\;C:\Program Files\MySQL\MySQL Utilities 1.6\;C:\Program Files\Git\cmd;C:\Program Files (x86)\Yarn\bin\;C:\Users\Hai\AppData\Local\Microsoft\WindowsApps;C:\Users\Hai\AppData\Roaming\npm;C:\Program Files\Microsoft VS Code\bin;C:\Users\Hai\AppData\Local\Yarn\bin

Yarn version: 
  1.5.1

Node version: 
  8.9.4

Platform: 
  win32 x64

npm manifest: 
  {
    "name": "intermediate-algorithm-scripting",
    "version": "1.0.0",
    "description": "",
    "main": "index.js",
    "scripts": {
      "test": "echo \"Error: no test specified\" && exit 1",
      "format": "prettier --single-quote --write",
      "test": "jest"
    },
    "author": "",
    "license": "ISC",
    "dependencies": {
      "babel-cli": "^6.26.0",
      "babel-preset-env": "^1.6.1",
      "eslint": "^4.19.1",
      "husky": "^0.14.3",
      "lint-staged": "^7.0.4"
    },
    "devDependencies": {
      "eslint-config-airbnb": "^16.1.0",
      "eslint-plugin-import": "^2.10.0",
      "eslint-plugin-jsx-a11y": "^6.0.3",
      "eslint-plugin-react": "^7.7.0",
      "jest": "^22.4.3",
      "prettier": "1.11.1"
    }
  }

yarn manifest: 
  No manifest

Lockfile: 
  No lockfile

Trace: 
  Error: Command "formar" not found. Did you mean "format"?
      at new MessageError (C:\Program Files (x86)\Yarn\lib\cli.js:186:110)
      at C:\Program Files (x86)\Yarn\lib\cli.js:87307:17
      at Generator.next (<anonymous>)
      at step (C:\Program Files (x86)\Yarn\lib\cli.js:98:30)
      at C:\Program Files (x86)\Yarn\lib\cli.js:116:14
      at new Promise (<anonymous>)
      at new F (C:\Program Files (x86)\Yarn\lib\cli.js:23451:28)
      at C:\Program Files (x86)\Yarn\lib\cli.js:95:12
      at runCommand (C:\Program Files (x86)\Yarn\lib\cli.js:87312:22)
      at Object.<anonymous> (C:\Program Files (x86)\Yarn\lib\cli.js:87412:14)
